<?xml version="1.0" encoding="UTF-8"?>
<!-- Generated by org.testng.reporters.JUnitXMLReporter -->
<testsuite ignored="0" hostname="DESKTOP-4LJEO71" failures="3" tests="3" name="Test1" time="10.66" errors="0" timestamp="2020-11-12T19:19:18 PST">
  <testcase classname="Day25TestNG_Parameters.DataProviderDemo" name="loginTest" time="4.054">
    <failure type="java.lang.AssertionError" message="Title did not match expected [nopCommerce demo store] but found [nopCommerce demo store. Login]">
      <![CDATA[java.lang.AssertionError: Title did not match expected [nopCommerce demo store] but found [nopCommerce demo store. Login]
at Day25TestNG_Parameters.DataProviderDemo.loginTest(DataProviderDemo.java:58)
at java.base/java.util.ArrayList.forEach(ArrayList.java:1511)
... Removed 32 stack frames]]>
    </failure>
  </testcase> <!-- loginTest -->
  <testcase classname="Day25TestNG_Parameters.DataProviderDemo" name="loginTest" time="1.378">
    <failure type="java.lang.AssertionError" message="Title did not match expected [nopCommerce demo store] but found [nopCommerce demo store. Login]">
      <![CDATA[java.lang.AssertionError: Title did not match expected [nopCommerce demo store] but found [nopCommerce demo store. Login]
at Day25TestNG_Parameters.DataProviderDemo.loginTest(DataProviderDemo.java:58)
at java.base/java.util.ArrayList.forEach(ArrayList.java:1511)
... Removed 32 stack frames]]>
    </failure>
  </testcase> <!-- loginTest -->
  <testcase classname="Day25TestNG_Parameters.DataProviderDemo" name="loginTest" time="0.969">
    <failure type="java.lang.AssertionError" message="Title did not match expected [nopCommerce demo store] but found [nopCommerce demo store. Login]">
      <![CDATA[java.lang.AssertionError: Title did not match expected [nopCommerce demo store] but found [nopCommerce demo store. Login]
at Day25TestNG_Parameters.DataProviderDemo.loginTest(DataProviderDemo.java:58)
at java.base/java.util.ArrayList.forEach(ArrayList.java:1511)
... Removed 32 stack frames]]>
    </failure>
  </testcase> <!-- loginTest -->
</testsuite> <!-- Test1 -->
