<?xml version="1.0" encoding="UTF-8"?>
<!-- Generated by org.testng.reporters.JUnitXMLReporter -->
<testsuite ignored="0" hostname="DESKTOP-4LJEO71" failures="0" tests="3" name="chrome" time="1.137" errors="0" timestamp="2020-11-12T19:41:38 PST">
  <testcase classname="Day25TestNG_Parameters.Parameterization" name="@BeforeClass setUp" time="1.087">
    <failure type="org.openqa.selenium.SessionNotCreatedException" message="session not created: No matching capabilities found
Build info: version: &amp;apos;3.141.59&amp;apos;, revision: &amp;apos;e82be7d358&amp;apos;, time: &amp;apos;2018-11-14T08:25:48&amp;apos;
System info: host: &amp;apos;DESKTOP-4LJEO71&amp;apos;, ip: &amp;apos;192.168.50.140&amp;apos;, os.name: &amp;apos;Windows 10&amp;apos;, os.arch: &amp;apos;amd64&amp;apos;, os.version: &amp;apos;10.0&amp;apos;, java.version: &amp;apos;14.0.2&amp;apos;
Driver info: driver.version: InternetExplorerDriver
remote stacktrace: Backtrace:
	Ordinal0 [0x01104C33+3427379]
	Ordinal0 [0x00EB1E38+990776]
	Ordinal0 [0x00E5371A+603930]
	Ordinal0 [0x00E54300+606976]
	Ordinal0 [0x00E5411E+606494]
	Ordinal0 [0x00E504DB+591067]
	Ordinal0 [0x00E3550D+480525]
	Ordinal0 [0x00E362BA+484026]
	Ordinal0 [0x00E36257+483927]
	Ordinal0 [0x0101705C+2453596]
	GetHandleVerifier [0x0121407F+1000799]
	GetHandleVerifier [0x01221E4F+1057583]
	GetHandleVerifier [0x01214A4F+1003311]
	Ordinal0 [0x0100EE4A+2420298]
	Ordinal0 [0x01018DAB+2461099]
	Ordinal0 [0x01018F48+2461512]
	Ordinal0 [0x01029D60+2530656]
	BaseThreadInitThunk [0x76836359+25]
	RtlGetAppContainerNamedObjectPath [0x76F68944+228]
	RtlGetAppContainerNamedObjectPath [0x76F68914+180]
">
      <![CDATA[org.openqa.selenium.SessionNotCreatedException: session not created: No matching capabilities found
Build info: version: '3.141.59', revision: 'e82be7d358', time: '2018-11-14T08:25:48'
System info: host: 'DESKTOP-4LJEO71', ip: '192.168.50.140', os.name: 'Windows 10', os.arch: 'amd64', os.version: '10.0', java.version: '14.0.2'
Driver info: driver.version: InternetExplorerDriver
remote stacktrace: Backtrace:
Ordinal0 [0x01104C33+3427379]
Ordinal0 [0x00EB1E38+990776]
Ordinal0 [0x00E5371A+603930]
Ordinal0 [0x00E54300+606976]
Ordinal0 [0x00E5411E+606494]
Ordinal0 [0x00E504DB+591067]
Ordinal0 [0x00E3550D+480525]
Ordinal0 [0x00E362BA+484026]
Ordinal0 [0x00E36257+483927]
Ordinal0 [0x0101705C+2453596]
GetHandleVerifier [0x0121407F+1000799]
GetHandleVerifier [0x01221E4F+1057583]
GetHandleVerifier [0x01214A4F+1003311]
Ordinal0 [0x0100EE4A+2420298]
Ordinal0 [0x01018DAB+2461099]
Ordinal0 [0x01018F48+2461512]
Ordinal0 [0x01029D60+2530656]
BaseThreadInitThunk [0x76836359+25]
RtlGetAppContainerNamedObjectPath [0x76F68944+228]
RtlGetAppContainerNamedObjectPath [0x76F68914+180]

at org.openqa.selenium.remote.W3CHandshakeResponse.lambda$errorHandler$0(W3CHandshakeResponse.java:62)
at org.openqa.selenium.remote.HandshakeResponse.lambda$getResponseFunction$0(HandshakeResponse.java:30)
at org.openqa.selenium.remote.ProtocolHandshake.lambda$createSession$0(ProtocolHandshake.java:126)
at java.base/java.util.stream.ReferencePipeline$3$1.accept(ReferencePipeline.java:195)
at java.base/java.util.Spliterators$ArraySpliterator.tryAdvance(Spliterators.java:958)
at java.base/java.util.stream.ReferencePipeline.forEachWithCancel(ReferencePipeline.java:127)
at java.base/java.util.stream.AbstractPipeline.copyIntoWithCancel(AbstractPipeline.java:502)
at java.base/java.util.stream.AbstractPipeline.copyInto(AbstractPipeline.java:488)
at java.base/java.util.stream.AbstractPipeline.wrapAndCopyInto(AbstractPipeline.java:474)
at java.base/java.util.stream.FindOps$FindOp.evaluateSequential(FindOps.java:150)
at java.base/java.util.stream.AbstractPipeline.evaluate(AbstractPipeline.java:234)
at java.base/java.util.stream.ReferencePipeline.findFirst(ReferencePipeline.java:543)
at org.openqa.selenium.remote.ProtocolHandshake.createSession(ProtocolHandshake.java:128)
at org.openqa.selenium.remote.ProtocolHandshake.createSession(ProtocolHandshake.java:74)
at org.openqa.selenium.remote.HttpCommandExecutor.execute(HttpCommandExecutor.java:136)
at org.openqa.selenium.remote.service.DriverCommandExecutor.execute(DriverCommandExecutor.java:83)
at org.openqa.selenium.remote.RemoteWebDriver.execute(RemoteWebDriver.java:552)
at org.openqa.selenium.remote.RemoteWebDriver.startSession(RemoteWebDriver.java:213)
at org.openqa.selenium.ie.InternetExplorerDriver.run(InternetExplorerDriver.java:221)
at org.openqa.selenium.ie.InternetExplorerDriver.<init>(InternetExplorerDriver.java:213)
at org.openqa.selenium.ie.InternetExplorerDriver.<init>(InternetExplorerDriver.java:150)
at Day25TestNG_Parameters.Parameterization.setUp(Parameterization.java:38)
at java.base/java.util.ArrayList.forEach(ArrayList.java:1511)
at java.base/java.util.concurrent.FutureTask.run(FutureTask.java:264)
at java.base/java.util.concurrent.ThreadPoolExecutor.runWorker(ThreadPoolExecutor.java:1130)
at java.base/java.util.concurrent.ThreadPoolExecutor$Worker.run(ThreadPoolExecutor.java:630)
at java.base/java.lang.Thread.run(Thread.java:832)
... Removed 21 stack frames]]>
    </failure>
  </testcase> <!-- @BeforeClass setUp -->
  <testcase classname="Day25TestNG_Parameters.Parameterization" name="@AfterClass tearDown" time="-1.605238898765E9">
    <skipped/>
  </testcase> <!-- @AfterClass tearDown -->
  <testcase classname="Day25TestNG_Parameters.Parameterization" name="lauchingUrl" time="0.0">
    <skipped/>
  </testcase> <!-- lauchingUrl -->
  <testcase classname="Day25TestNG_Parameters.Parameterization" name="logoPresentTest" time="0.0">
    <skipped/>
  </testcase> <!-- logoPresentTest -->
  <testcase classname="Day25TestNG_Parameters.Parameterization" name="logintitleTest" time="0.0">
    <skipped/>
  </testcase> <!-- logintitleTest -->
</testsuite> <!-- chrome -->
