<?xml version="1.0" encoding="UTF-8"?>
<!-- Generated by org.testng.reporters.JUnitXMLReporter -->
<testsuite ignored="0" hostname="DESKTOP-4LJEO71" failures="0" tests="3" name="ChromeTest" time="0.151" errors="0" timestamp="2020-11-12T19:01:08 PST">
  <testcase classname="Day25TestNG_Parameters.Parameterization" name="@BeforeClass setUp" time="0.064">
    <failure type="java.lang.IllegalStateException" message="The driver executable does not exist: C:\Users\moumi\Desktop\ChromeDriver\chromedriver.exe">
      <![CDATA[java.lang.IllegalStateException: The driver executable does not exist: C:\Users\moumi\Desktop\ChromeDriver\chromedriver.exe
at com.google.common.base.Preconditions.checkState(Preconditions.java:585)
at org.openqa.selenium.remote.service.DriverService.checkExecutable(DriverService.java:146)
at org.openqa.selenium.remote.service.DriverService.findExecutable(DriverService.java:141)
at org.openqa.selenium.chrome.ChromeDriverService.access$000(ChromeDriverService.java:35)
at org.openqa.selenium.chrome.ChromeDriverService$Builder.findDefaultExecutable(ChromeDriverService.java:159)
at org.openqa.selenium.remote.service.DriverService$Builder.build(DriverService.java:355)
at org.openqa.selenium.chrome.ChromeDriverService.createDefaultService(ChromeDriverService.java:94)
at org.openqa.selenium.chrome.ChromeDriver.<init>(ChromeDriver.java:123)
at Day25TestNG_Parameters.Parameterization.setUp(Parameterization.java:27)
at java.base/java.util.ArrayList.forEach(ArrayList.java:1511)
at java.base/java.util.concurrent.FutureTask.run(FutureTask.java:264)
at java.base/java.util.concurrent.ThreadPoolExecutor.runWorker(ThreadPoolExecutor.java:1130)
at java.base/java.util.concurrent.ThreadPoolExecutor$Worker.run(ThreadPoolExecutor.java:630)
at java.base/java.lang.Thread.run(Thread.java:832)
... Removed 16 stack frames]]>
    </failure>
  </testcase> <!-- @BeforeClass setUp -->
  <testcase classname="Day25TestNG_Parameters.Parameterization" name="@AfterClass tearDown" time="-1.605236468375E9">
    <skipped/>
  </testcase> <!-- @AfterClass tearDown -->
  <testcase classname="Day25TestNG_Parameters.Parameterization" name="@BeforeClass setUp" time="0.126">
    <failure type="java.lang.IllegalStateException" message="The driver executable does not exist: C:\Users\moumi\Desktop\GeckoDriver\geckodriver.exe">
      <![CDATA[java.lang.IllegalStateException: The driver executable does not exist: C:\Users\moumi\Desktop\GeckoDriver\geckodriver.exe
at com.google.common.base.Preconditions.checkState(Preconditions.java:585)
at org.openqa.selenium.remote.service.DriverService.checkExecutable(DriverService.java:146)
at org.openqa.selenium.remote.service.DriverService.findExecutable(DriverService.java:141)
at org.openqa.selenium.firefox.GeckoDriverService.access$100(GeckoDriverService.java:44)
at org.openqa.selenium.firefox.GeckoDriverService$Builder.findDefaultExecutable(GeckoDriverService.java:167)
at org.openqa.selenium.remote.service.DriverService$Builder.build(DriverService.java:355)
at org.openqa.selenium.firefox.FirefoxDriver.toExecutor(FirefoxDriver.java:190)
at org.openqa.selenium.firefox.FirefoxDriver.<init>(FirefoxDriver.java:147)
at org.openqa.selenium.firefox.FirefoxDriver.<init>(FirefoxDriver.java:125)
at Day25TestNG_Parameters.Parameterization.setUp(Parameterization.java:32)
at java.base/java.util.ArrayList.forEach(ArrayList.java:1511)
at java.base/java.util.concurrent.FutureTask.run(FutureTask.java:264)
at java.base/java.util.concurrent.ThreadPoolExecutor.runWorker(ThreadPoolExecutor.java:1130)
at java.base/java.util.concurrent.ThreadPoolExecutor$Worker.run(ThreadPoolExecutor.java:630)
at java.base/java.lang.Thread.run(Thread.java:832)
... Removed 16 stack frames]]>
    </failure>
  </testcase> <!-- @BeforeClass setUp -->
  <testcase classname="Day25TestNG_Parameters.Parameterization" name="@AfterClass tearDown" time="-1.605236468398E9">
    <skipped/>
  </testcase> <!-- @AfterClass tearDown -->
  <testcase classname="Day25TestNG_Parameters.Parameterization" name="lauchingUrl" time="0.0">
    <skipped/>
  </testcase> <!-- lauchingUrl -->
  <testcase classname="Day25TestNG_Parameters.Parameterization" name="logoPresentTest" time="0.0">
    <skipped/>
  </testcase> <!-- logoPresentTest -->
  <testcase classname="Day25TestNG_Parameters.Parameterization" name="logintitleTest" time="0.0">
    <skipped/>
  </testcase> <!-- logintitleTest -->
</testsuite> <!-- ChromeTest -->
