<?xml version="1.0" encoding="UTF-8"?>
<!-- Generated by org.testng.reporters.JUnitXMLReporter -->
<testsuite ignored="0" hostname="DESKTOP-4LJEO71" failures="0" tests="3" name="InternetEx Test" time="0.156" errors="0" timestamp="2020-11-12T19:01:08 PST">
  <testcase classname="Day25TestNG_Parameters.Parameterization" name="@BeforeClass setUp" time="0.1">
    <failure type="java.lang.IllegalStateException" message="The driver executable does not exist: C:\Users\moumi\Desktop\IEWebDriver\IEDriverServer.exe">
      <![CDATA[java.lang.IllegalStateException: The driver executable does not exist: C:\Users\moumi\Desktop\IEWebDriver\IEDriverServer.exe
at com.google.common.base.Preconditions.checkState(Preconditions.java:585)
at org.openqa.selenium.remote.service.DriverService.checkExecutable(DriverService.java:146)
at org.openqa.selenium.remote.service.DriverService.findExecutable(DriverService.java:141)
at org.openqa.selenium.ie.InternetExplorerDriverService.access$000(InternetExplorerDriverService.java:35)
at org.openqa.selenium.ie.InternetExplorerDriverService$Builder.findDefaultExecutable(InternetExplorerDriverService.java:175)
at org.openqa.selenium.remote.service.DriverService$Builder.build(DriverService.java:355)
at org.openqa.selenium.ie.InternetExplorerDriver.setupService(InternetExplorerDriver.java:281)
at org.openqa.selenium.ie.InternetExplorerDriver.<init>(InternetExplorerDriver.java:211)
at org.openqa.selenium.ie.InternetExplorerDriver.<init>(InternetExplorerDriver.java:150)
at Day25TestNG_Parameters.Parameterization.setUp(Parameterization.java:38)
at java.base/java.util.ArrayList.forEach(ArrayList.java:1511)
at java.base/java.util.concurrent.FutureTask.run(FutureTask.java:264)
at java.base/java.util.concurrent.ThreadPoolExecutor.runWorker(ThreadPoolExecutor.java:1130)
at java.base/java.util.concurrent.ThreadPoolExecutor$Worker.run(ThreadPoolExecutor.java:630)
at java.base/java.lang.Thread.run(Thread.java:832)
... Removed 16 stack frames]]>
    </failure>
  </testcase> <!-- @BeforeClass setUp -->
  <testcase classname="Day25TestNG_Parameters.Parameterization" name="@AfterClass tearDown" time="-1.60523646838E9">
    <skipped/>
  </testcase> <!-- @AfterClass tearDown -->
  <testcase classname="Day25TestNG_Parameters.Parameterization" name="lauchingUrl" time="0.0">
    <skipped/>
  </testcase> <!-- lauchingUrl -->
  <testcase classname="Day25TestNG_Parameters.Parameterization" name="logoPresentTest" time="0.0">
    <skipped/>
  </testcase> <!-- logoPresentTest -->
  <testcase classname="Day25TestNG_Parameters.Parameterization" name="logintitleTest" time="0.0">
    <skipped/>
  </testcase> <!-- logintitleTest -->
</testsuite> <!-- InternetEx Test -->
